<?xml version="1.0" encoding="UTF-8"?>
<!-- Generated by org.testng.reporters.JUnitXMLReporter -->
<testsuite hostname="DESKTOP-DQGIKCA" ignored="0" name="Surefire test" tests="5" failures="1" timestamp="27 May 2022 12:25:38 GMT" time="74.322" errors="0">
  <testcase name="ValidatetheHomapagetittle" time="0.037" classname="Loginpagetest.LandingPageTest"/>
  <testcase name="Validationhomepagelogo" time="2.085" classname="Loginpagetest.LandingPageTest">
    <failure type="java.lang.AssertionError" message="expected [true] but found [false]">
      <![CDATA[java.lang.AssertionError: expected [true] but found [false]
at Loginpagetest.LandingPageTest.Validationhomepagelogo(LandingPageTest.java:38)
... Removed 34 stack frames]]>
    </failure>
  </testcase> <!-- Validationhomepagelogo -->
  <testcase name="validatethePresenceofCreateAccount" time="0.079" classname="Loginpagetest.LandingPageTest"/>
  <testcase name="navigatetoLoginpage" time="4.805" classname="Loginpagetest.LoginpageTest"/>
  <testcase name="Loginpageworking" time="3.805" classname="Loginpagetest.LoginpageTest"/>
</testsuite> <!-- Surefire test -->
