<?xml version="1.0" encoding="UTF-8"?>
<!-- Generated by org.testng.reporters.JUnitXMLReporter -->
<testsuite ignored="0" hostname="DESKTOP-DQGIKCA" failures="1" tests="5" name="Test" time="87.964" errors="0" timestamp="23 May 2022 11:26:28 GMT">
  <testcase classname="Loginpagetest.LandingPageTest" name="ValidatetheHomapagetittle" time="0.04"/>
  <testcase classname="Loginpagetest.LandingPageTest" name="Validationhomepagelogo" time="0.499">
    <failure type="java.lang.AssertionError" message="expected [true] but found [false]">
      <![CDATA[java.lang.AssertionError: expected [true] but found [false]
at Loginpagetest.LandingPageTest.Validationhomepagelogo(LandingPageTest.java:38)
... Removed 29 stack frames]]>
    </failure>
  </testcase> <!-- Validationhomepagelogo -->
  <testcase classname="Loginpagetest.LandingPageTest" name="validatethePresenceofCreateAccount" time="0.119"/>
  <testcase classname="Loginpagetest.LoginpageTest" name="navigatetoLoginpage" time="1.497"/>
  <testcase classname="Loginpagetest.LoginpageTest" name="Loginpageworking" time="1.07"/>
</testsuite> <!-- Test -->
