<?xml version="1.0" encoding="UTF-8"?>
<testng-results skipped="0" failed="1" ignored="0" total="5" passed="4">
  <reporter-output>
  </reporter-output>
  <suite name="Surefire suite" duration-ms="74322" started-at="2022-05-27T12:24:23Z" finished-at="2022-05-27T12:25:38Z">
    <groups>
    </groups>
    <test name="Surefire test" duration-ms="74322" started-at="2022-05-27T12:24:23Z" finished-at="2022-05-27T12:25:38Z">
      <class name="Loginpagetest.LandingPageTest">
        <test-method status="PASS" signature="invokebrower()[pri:0, instance:Loginpagetest.LandingPageTest@2a65fe7c]" name="invokebrower" is-config="true" duration-ms="20432" started-at="2022-05-27T12:24:23Z" finished-at="2022-05-27T12:24:44Z">
          <reporter-output>
          </reporter-output>
        </test-method> <!-- invokebrower -->
        <test-method status="PASS" signature="revokebrowser()[pri:0, instance:Loginpagetest.LoginpageTest@4135c3b]" name="revokebrowser" is-config="true" duration-ms="33754" started-at="2022-05-27T12:24:44Z" finished-at="2022-05-27T12:25:18Z">
          <reporter-output>
          </reporter-output>
        </test-method> <!-- revokebrowser -->
        <test-method status="PASS" signature="ValidatetheHomapagetittle()[pri:0, instance:Loginpagetest.LandingPageTest@2a65fe7c]" name="ValidatetheHomapagetittle" duration-ms="37" started-at="2022-05-27T12:25:18Z" finished-at="2022-05-27T12:25:18Z">
          <reporter-output>
          </reporter-output>
        </test-method> <!-- ValidatetheHomapagetittle -->
        <test-method status="FAIL" signature="Validationhomepagelogo()[pri:0, instance:Loginpagetest.LandingPageTest@2a65fe7c]" name="Validationhomepagelogo" duration-ms="2085" started-at="2022-05-27T12:25:18Z" finished-at="2022-05-27T12:25:20Z">
          <exception class="java.lang.AssertionError">
            <message>
              <![CDATA[expected [true] but found [false]]]>
            </message>
            <full-stacktrace>
              <![CDATA[java.lang.AssertionError: expected [true] but found [false]
at org.testng.Assert.fail(Assert.java:96)
at org.testng.Assert.failNotEquals(Assert.java:776)
at org.testng.Assert.assertTrue(Assert.java:44)
at org.testng.Assert.assertTrue(Assert.java:54)
at Loginpagetest.LandingPageTest.Validationhomepagelogo(LandingPageTest.java:38)
at sun.reflect.NativeMethodAccessorImpl.invoke0(Native Method)
at sun.reflect.NativeMethodAccessorImpl.invoke(NativeMethodAccessorImpl.java:62)
at sun.reflect.DelegatingMethodAccessorImpl.invoke(DelegatingMethodAccessorImpl.java:43)
at java.lang.reflect.Method.invoke(Method.java:498)
at org.testng.internal.MethodInvocationHelper.invokeMethod(MethodInvocationHelper.java:124)
at org.testng.internal.Invoker.invokeMethod(Invoker.java:583)
at org.testng.internal.Invoker.invokeTestMethod(Invoker.java:719)
at org.testng.internal.Invoker.invokeTestMethods(Invoker.java:989)
at org.testng.internal.TestMethodWorker.invokeTestMethods(TestMethodWorker.java:125)
at org.testng.internal.TestMethodWorker.run(TestMethodWorker.java:109)
at org.testng.TestRunner.privateRun(TestRunner.java:648)
at org.testng.TestRunner.run(TestRunner.java:505)
at org.testng.SuiteRunner.runTest(SuiteRunner.java:455)
at org.testng.SuiteRunner.runSequentially(SuiteRunner.java:450)
at org.testng.SuiteRunner.privateRun(SuiteRunner.java:415)
at org.testng.SuiteRunner.run(SuiteRunner.java:364)
at org.testng.SuiteRunnerWorker.runSuite(SuiteRunnerWorker.java:52)
at org.testng.SuiteRunnerWorker.run(SuiteRunnerWorker.java:84)
at org.testng.TestNG.runSuitesSequentially(TestNG.java:1208)
at org.testng.TestNG.runSuitesLocally(TestNG.java:1137)
at org.testng.TestNG.runSuites(TestNG.java:1049)
at org.testng.TestNG.run(TestNG.java:1017)
at org.apache.maven.surefire.testng.TestNGExecutor.run(TestNGExecutor.java:135)
at org.apache.maven.surefire.testng.TestNGDirectoryTestSuite.executeMulti(TestNGDirectoryTestSuite.java:193)
at org.apache.maven.surefire.testng.TestNGDirectoryTestSuite.execute(TestNGDirectoryTestSuite.java:94)
at org.apache.maven.surefire.testng.TestNGProvider.invoke(TestNGProvider.java:146)
at org.apache.maven.surefire.booter.ForkedBooter.invokeProviderInSameClassLoader(ForkedBooter.java:384)
at org.apache.maven.surefire.booter.ForkedBooter.runSuitesInProcess(ForkedBooter.java:345)
at org.apache.maven.surefire.booter.ForkedBooter.execute(ForkedBooter.java:126)
at org.apache.maven.surefire.booter.ForkedBooter.main(ForkedBooter.java:418)
]]>
            </full-stacktrace>
          </exception> <!-- java.lang.AssertionError -->
          <reporter-output>
          </reporter-output>
        </test-method> <!-- Validationhomepagelogo -->
        <test-method status="PASS" signature="validatethePresenceofCreateAccount()[pri:0, instance:Loginpagetest.LandingPageTest@2a65fe7c]" name="validatethePresenceofCreateAccount" duration-ms="79" started-at="2022-05-27T12:25:20Z" finished-at="2022-05-27T12:25:20Z">
          <reporter-output>
          </reporter-output>
        </test-method> <!-- validatethePresenceofCreateAccount -->
        <test-method status="PASS" signature="Close()[pri:0, instance:Loginpagetest.LandingPageTest@2a65fe7c]" name="Close" is-config="true" duration-ms="4942" started-at="2022-05-27T12:25:28Z" finished-at="2022-05-27T12:25:33Z">
          <reporter-output>
          </reporter-output>
        </test-method> <!-- Close -->
        <test-method status="PASS" signature="close()[pri:0, instance:Loginpagetest.LoginpageTest@4135c3b]" name="close" is-config="true" duration-ms="4283" started-at="2022-05-27T12:25:33Z" finished-at="2022-05-27T12:25:38Z">
          <reporter-output>
          </reporter-output>
        </test-method> <!-- close -->
      </class> <!-- Loginpagetest.LandingPageTest -->
      <class name="Loginpagetest.LoginpageTest">
        <test-method status="PASS" signature="navigatetoLoginpage()[pri:0, instance:Loginpagetest.LoginpageTest@4135c3b]" name="navigatetoLoginpage" duration-ms="4805" started-at="2022-05-27T12:25:20Z" finished-at="2022-05-27T12:25:25Z">
          <reporter-output>
          </reporter-output>
        </test-method> <!-- navigatetoLoginpage -->
        <test-method status="PASS" signature="Loginpageworking(java.lang.String, java.lang.String)[pri:0, instance:Loginpagetest.LoginpageTest@4135c3b]" name="Loginpageworking" duration-ms="3805" started-at="2022-05-27T12:25:25Z" data-provider="getData" depends-on-methods="Loginpagetest.LoginpageTest.navigatetoLoginpage" finished-at="2022-05-27T12:25:28Z">
          <params>
            <param index="0">
              <value>
                <![CDATA[Akash]]>
              </value>
            </param>
            <param index="1">
              <value>
                <![CDATA[Akash@12345]]>
              </value>
            </param>
          </params>
          <reporter-output>
          </reporter-output>
        </test-method> <!-- Loginpageworking -->
      </class> <!-- Loginpagetest.LoginpageTest -->
    </test> <!-- Surefire test -->
  </suite> <!-- Surefire suite -->
</testng-results>
